android/app/build/intermediates/manifest_merge_blame_file/debug/processDebugMainManifest/manifest-merger-blame-debug-report.txt
1<?xml version="1.0" encoding="utf-8"?>
2<manifest xmlns:android="http://schemas.android.com/apk/res/android"
3    package="com.example.farm_data"
4    android:versionCode="1"
5    android:versionName="1.0.0" >
6
7    <uses-sdk
8        android:minSdkVersion="23"
9        android:targetSdkVersion="35" />
10    <!--
11         The INTERNET permission is required for development. Specifically,
12         the Flutter tool needs it to communicate with the running application
13         to allow setting breakpoints, to provide hot reload, etc.
14    -->
15    <uses-permission android:name="android.permission.INTERNET" />
15-->src\main\AndroidManifest.xml:3:5-67
15-->src\main\AndroidManifest.xml:3:22-64
16    <uses-permission
16-->src\main\AndroidManifest.xml:4:5-80
17        android:name="android.permission.WRITE_EXTERNAL_STORAGE"
17-->src\main\AndroidManifest.xml:4:22-78
18        android:maxSdkVersion="28" />
18-->[:camera_android_camerax] AndroidManifest.xml:13:9-35
19    <uses-permission android:name="android.permission.READ_EXTERNAL_STORAGE" />
19-->src\main\AndroidManifest.xml:5:5-79
19-->src\main\AndroidManifest.xml:5:22-77
20    <uses-permission android:name="android.permission.CAMERA" />
20-->src\main\AndroidManifest.xml:2:5-65
20-->src\main\AndroidManifest.xml:2:22-62
21    <uses-permission android:name="android.permission.ACCESS_FINE_LOCATION" />
21-->src\main\AndroidManifest.xml:6:5-78
21-->src\main\AndroidManifest.xml:6:22-76
22    <uses-permission android:name="android.permission.ACCESS_COARSE_LOCATION" />
22-->src\main\AndroidManifest.xml:7:5-80
22-->src\main\AndroidManifest.xml:7:22-78
23    <!--
24 Required to query activities that can process text, see:
25         https://developer.android.com/training/package-visibility and
26         https://developer.android.com/reference/android/content/Intent#ACTION_PROCESS_TEXT.
27
28         In particular, this is used by the Flutter engine in io.flutter.plugin.text.ProcessTextPlugin.
29    -->
30    <queries>
30-->src\main\AndroidManifest.xml:45:5-50:15
31        <intent>
31-->src\main\AndroidManifest.xml:46:9-49:18
32            <action android:name="android.intent.action.PROCESS_TEXT" />
32-->src\main\AndroidManifest.xml:47:13-72
32-->src\main\AndroidManifest.xml:47:21-70
33
34            <data android:mimeType="text/plain" />
34-->src\main\AndroidManifest.xml:48:13-50
34-->src\main\AndroidManifest.xml:48:19-48
35        </intent>
36        <intent>
36-->[:file_picker] AndroidManifest.xml:8:9-12:18
37            <action android:name="android.intent.action.GET_CONTENT" />
37-->[:file_picker] AndroidManifest.xml:9:13-72
37-->[:file_picker] AndroidManifest.xml:9:21-69
38
39            <data android:mimeType="*/*" />
39-->src\main\AndroidManifest.xml:48:13-50
39-->src\main\AndroidManifest.xml:48:19-48
40        </intent>
41        <intent>
41-->[:flutter_inappwebview_android] AndroidManifest.xml:8:9-10:18
42            <action android:name="android.support.customtabs.action.CustomTabsService" />
42-->[:flutter_inappwebview_android] AndroidManifest.xml:9:13-90
42-->[:flutter_inappwebview_android] AndroidManifest.xml:9:21-87
43        </intent>
44
45        <package android:name="com.google.android.apps.maps" />
45-->[:map_launcher] AndroidManifest.xml:8:9-64
45-->[:map_launcher] AndroidManifest.xml:8:18-61
46        <package android:name="com.google.android.apps.mapslite" />
46-->[:map_launcher] AndroidManifest.xml:9:9-68
46-->[:map_launcher] AndroidManifest.xml:9:18-65
47        <package android:name="com.autonavi.minimap" />
47-->[:map_launcher] AndroidManifest.xml:10:9-56
47-->[:map_launcher] AndroidManifest.xml:10:18-53
48        <package android:name="com.baidu.BaiduMap" />
48-->[:map_launcher] AndroidManifest.xml:11:9-54
48-->[:map_launcher] AndroidManifest.xml:11:18-51
49        <package android:name="com.waze" />
49-->[:map_launcher] AndroidManifest.xml:12:9-44
49-->[:map_launcher] AndroidManifest.xml:12:18-41
50        <package android:name="ru.yandex.yandexnavi" />
50-->[:map_launcher] AndroidManifest.xml:13:9-56
50-->[:map_launcher] AndroidManifest.xml:13:18-53
51        <package android:name="ru.yandex.yandexmaps" />
51-->[:map_launcher] AndroidManifest.xml:14:9-56
51-->[:map_launcher] AndroidManifest.xml:14:18-53
52        <package android:name="com.citymapper.app.release" />
52-->[:map_launcher] AndroidManifest.xml:15:9-62
52-->[:map_launcher] AndroidManifest.xml:15:18-59
53        <package android:name="com.mapswithme.maps.pro" />
53-->[:map_launcher] AndroidManifest.xml:16:9-59
53-->[:map_launcher] AndroidManifest.xml:16:18-56
54        <package android:name="net.osmand" />
54-->[:map_launcher] AndroidManifest.xml:17:9-46
54-->[:map_launcher] AndroidManifest.xml:17:18-43
55        <package android:name="net.osmand.plus" />
55-->[:map_launcher] AndroidManifest.xml:18:9-51
55-->[:map_launcher] AndroidManifest.xml:18:18-48
56        <package android:name="ru.dublgis.dgismobile" />
56-->[:map_launcher] AndroidManifest.xml:19:9-57
56-->[:map_launcher] AndroidManifest.xml:19:18-54
57        <package android:name="com.tencent.map" />
57-->[:map_launcher] AndroidManifest.xml:20:9-51
57-->[:map_launcher] AndroidManifest.xml:20:18-48
58        <package android:name="com.here.app.maps" />
58-->[:map_launcher] AndroidManifest.xml:21:9-53
58-->[:map_launcher] AndroidManifest.xml:21:18-50
59        <package android:name="com.huawei.maps.app" />
59-->[:map_launcher] AndroidManifest.xml:22:9-55
59-->[:map_launcher] AndroidManifest.xml:22:18-52
60        <package android:name="com.alk.copilot.mapviewer" />
60-->[:map_launcher] AndroidManifest.xml:23:9-61
60-->[:map_launcher] AndroidManifest.xml:23:18-58
61        <package android:name="com.tomtom.gplay.navapp" />
61-->[:map_launcher] AndroidManifest.xml:24:9-59
61-->[:map_launcher] AndroidManifest.xml:24:18-56
62        <package android:name="com.tomtom.gplay.navapp.gofleet" />
62-->[:map_launcher] AndroidManifest.xml:25:9-67
62-->[:map_launcher] AndroidManifest.xml:25:18-64
63        <package android:name="com.sygic.truck" />
63-->[:map_launcher] AndroidManifest.xml:26:9-51
63-->[:map_launcher] AndroidManifest.xml:26:18-48
64        <package android:name="nl.flitsmeister" />
64-->[:map_launcher] AndroidManifest.xml:27:9-51
64-->[:map_launcher] AndroidManifest.xml:27:18-48
65        <package android:name="nl.flitsmeister.flux" />
65-->[:map_launcher] AndroidManifest.xml:28:9-56
65-->[:map_launcher] AndroidManifest.xml:28:18-53
66        <package android:name="com.nhn.android.nmap" />
66-->[:map_launcher] AndroidManifest.xml:29:9-56
66-->[:map_launcher] AndroidManifest.xml:29:18-53
67        <package android:name="net.daum.android.map" />
67-->[:map_launcher] AndroidManifest.xml:30:9-56
67-->[:map_launcher] AndroidManifest.xml:30:18-53
68        <package android:name="com.skt.tmap.ku" />
68-->[:map_launcher] AndroidManifest.xml:31:9-51
68-->[:map_launcher] AndroidManifest.xml:31:18-48
69        <package android:name="cz.seznam.mapy" />
69-->[:map_launcher] AndroidManifest.xml:32:9-50
69-->[:map_launcher] AndroidManifest.xml:32:18-47
70        <package android:name="com.mmi.maps" />
70-->[:map_launcher] AndroidManifest.xml:33:9-48
70-->[:map_launcher] AndroidManifest.xml:33:18-45
71    </queries>
72
73    <uses-feature android:name="android.hardware.camera.any" />
73-->[:camera_android_camerax] AndroidManifest.xml:7:5-64
73-->[:camera_android_camerax] AndroidManifest.xml:7:19-61
74
75    <uses-permission android:name="android.permission.RECORD_AUDIO" /> <!-- Although the *SdkVersion is captured in gradle build files, this is required for non gradle builds -->
75-->[:camera_android_camerax] AndroidManifest.xml:10:5-71
75-->[:camera_android_camerax] AndroidManifest.xml:10:22-68
76    <!-- <uses-sdk android:minSdkVersion="21" /> -->
77    <uses-permission android:name="android.permission.ACCESS_NETWORK_STATE" />
77-->[com.google.firebase:firebase-firestore:25.1.4] AndroidManifest.xml:10:5-79
77-->[com.google.firebase:firebase-firestore:25.1.4] AndroidManifest.xml:10:22-76
78    <uses-permission android:name="android.permission.WAKE_LOCK" />
78-->[com.google.android.gms:play-services-measurement-api:22.4.0] AndroidManifest.xml:24:5-68
78-->[com.google.android.gms:play-services-measurement-api:22.4.0] AndroidManifest.xml:24:22-65
79    <uses-permission android:name="com.google.android.gms.permission.AD_ID" />
79-->[com.google.android.gms:play-services-measurement-api:22.4.0] AndroidManifest.xml:25:5-79
79-->[com.google.android.gms:play-services-measurement-api:22.4.0] AndroidManifest.xml:25:22-76
80    <uses-permission android:name="android.permission.ACCESS_ADSERVICES_ATTRIBUTION" />
80-->[com.google.android.gms:play-services-measurement-api:22.4.0] AndroidManifest.xml:26:5-88
80-->[com.google.android.gms:play-services-measurement-api:22.4.0] AndroidManifest.xml:26:22-85
81    <uses-permission android:name="android.permission.ACCESS_ADSERVICES_AD_ID" />
81-->[com.google.android.gms:play-services-measurement-api:22.4.0] AndroidManifest.xml:27:5-82
81-->[com.google.android.gms:play-services-measurement-api:22.4.0] AndroidManifest.xml:27:22-79
82    <uses-permission android:name="com.google.android.providers.gsf.permission.READ_GSERVICES" />
82-->[com.google.android.recaptcha:recaptcha:18.6.1] AndroidManifest.xml:9:5-98
82-->[com.google.android.recaptcha:recaptcha:18.6.1] AndroidManifest.xml:9:22-95
83    <uses-permission android:name="com.google.android.finsky.permission.BIND_GET_INSTALL_REFERRER_SERVICE" />
83-->[com.google.android.gms:play-services-measurement:22.4.0] AndroidManifest.xml:26:5-110
83-->[com.google.android.gms:play-services-measurement:22.4.0] AndroidManifest.xml:26:22-107
84
85    <permission
85-->[androidx.core:core:1.16.0] AndroidManifest.xml:22:5-24:47
86        android:name="com.example.farm_data.DYNAMIC_RECEIVER_NOT_EXPORTED_PERMISSION"
86-->[androidx.core:core:1.16.0] AndroidManifest.xml:23:9-81
87        android:protectionLevel="signature" />
87-->[androidx.core:core:1.16.0] AndroidManifest.xml:24:9-44
88
89    <uses-permission android:name="com.example.farm_data.DYNAMIC_RECEIVER_NOT_EXPORTED_PERMISSION" />
89-->[androidx.core:core:1.16.0] AndroidManifest.xml:26:5-97
89-->[androidx.core:core:1.16.0] AndroidManifest.xml:26:22-94
90
91    <application
92        android:name="android.app.Application"
93        android:appComponentFactory="androidx.core.app.CoreComponentFactory"
93-->[androidx.core:core:1.16.0] AndroidManifest.xml:28:18-86
94        android:debuggable="true"
95        android:extractNativeLibs="false"
96        android:icon="@mipmap/ic_launcher"
97        android:label="농업빅데이터조사" >
98        <activity
99            android:name="com.example.farm_data.MainActivity"
100            android:configChanges="orientation|keyboardHidden|keyboard|screenSize|smallestScreenSize|locale|layoutDirection|fontScale|screenLayout|density|uiMode"
101            android:exported="true"
102            android:hardwareAccelerated="true"
103            android:launchMode="singleTop"
104            android:taskAffinity=""
105            android:theme="@style/LaunchTheme"
106            android:windowSoftInputMode="adjustResize" >
107
108            <!--
109                 Specifies an Android theme to apply to this Activity as soon as
110                 the Android process has started. This theme is visible to the user
111                 while the Flutter UI initializes. After that, this theme continues
112                 to determine the Window background behind the Flutter UI.
113            -->
114            <meta-data
115                android:name="io.flutter.embedding.android.NormalTheme"
116                android:resource="@style/NormalTheme" />
117
118            <intent-filter>
119                <action android:name="android.intent.action.MAIN" />
120
121                <category android:name="android.intent.category.LAUNCHER" />
122            </intent-filter>
123        </activity>
124        <!--
125             Don't delete the meta-data below.
126             This is used by the Flutter tool to generate GeneratedPluginRegistrant.java
127        -->
128        <meta-data
129            android:name="flutterEmbedding"
130            android:value="2" />
131
132        <service
132-->[:cloud_firestore] AndroidManifest.xml:8:9-12:19
133            android:name="com.google.firebase.components.ComponentDiscoveryService"
133-->[:cloud_firestore] AndroidManifest.xml:8:18-89
134            android:directBootAware="true"
134-->[com.google.firebase:firebase-common:21.0.0] AndroidManifest.xml:32:13-43
135            android:exported="false" >
135-->[com.google.firebase:firebase-analytics-ktx:22.4.0] AndroidManifest.xml:10:13-37
136            <meta-data
136-->[:cloud_firestore] AndroidManifest.xml:9:13-11:85
137                android:name="com.google.firebase.components:io.flutter.plugins.firebase.firestore.FlutterFirebaseFirestoreRegistrar"
137-->[:cloud_firestore] AndroidManifest.xml:10:17-134
138                android:value="com.google.firebase.components.ComponentRegistrar" />
138-->[:cloud_firestore] AndroidManifest.xml:11:17-82
139            <meta-data
139-->[:firebase_auth] AndroidManifest.xml:9:13-11:85
140                android:name="com.google.firebase.components:io.flutter.plugins.firebase.auth.FlutterFirebaseAuthRegistrar"
140-->[:firebase_auth] AndroidManifest.xml:10:17-124
141                android:value="com.google.firebase.components.ComponentRegistrar" />
141-->[:firebase_auth] AndroidManifest.xml:11:17-82
142            <meta-data
142-->[:firebase_database] AndroidManifest.xml:9:13-11:85
143                android:name="com.google.firebase.components:io.flutter.plugins.firebase.database.FlutterFirebaseAppRegistrar"
143-->[:firebase_database] AndroidManifest.xml:10:17-127
144                android:value="com.google.firebase.components.ComponentRegistrar" />
144-->[:firebase_database] AndroidManifest.xml:11:17-82
145            <meta-data
145-->[:firebase_storage] AndroidManifest.xml:9:13-11:85
146                android:name="com.google.firebase.components:io.flutter.plugins.firebase.storage.FlutterFirebaseAppRegistrar"
146-->[:firebase_storage] AndroidManifest.xml:10:17-126
147                android:value="com.google.firebase.components.ComponentRegistrar" />
147-->[:firebase_storage] AndroidManifest.xml:11:17-82
148            <meta-data
148-->[:firebase_core] AndroidManifest.xml:9:13-11:85
149                android:name="com.google.firebase.components:io.flutter.plugins.firebase.core.FlutterFirebaseCoreRegistrar"
149-->[:firebase_core] AndroidManifest.xml:10:17-124
150                android:value="com.google.firebase.components.ComponentRegistrar" />
150-->[:firebase_core] AndroidManifest.xml:11:17-82
151            <meta-data
151-->[com.google.firebase:firebase-analytics-ktx:22.4.0] AndroidManifest.xml:11:13-13:85
152                android:name="com.google.firebase.components:com.google.firebase.analytics.ktx.FirebaseAnalyticsLegacyRegistrar"
152-->[com.google.firebase:firebase-analytics-ktx:22.4.0] AndroidManifest.xml:12:17-129
153                android:value="com.google.firebase.components.ComponentRegistrar" />
153-->[com.google.firebase:firebase-analytics-ktx:22.4.0] AndroidManifest.xml:13:17-82
154            <meta-data
154-->[com.google.firebase:firebase-auth-ktx:23.2.0] AndroidManifest.xml:11:13-13:85
155                android:name="com.google.firebase.components:com.google.firebase.auth.ktx.FirebaseAuthLegacyRegistrar"
155-->[com.google.firebase:firebase-auth-ktx:23.2.0] AndroidManifest.xml:12:17-119
156                android:value="com.google.firebase.components.ComponentRegistrar" />
156-->[com.google.firebase:firebase-auth-ktx:23.2.0] AndroidManifest.xml:13:17-82
157            <meta-data
157-->[com.google.firebase:firebase-firestore-ktx:25.1.4] AndroidManifest.xml:12:13-14:85
158                android:name="com.google.firebase.components:com.google.firebase.firestore.ktx.FirebaseFirestoreLegacyRegistrar"
158-->[com.google.firebase:firebase-firestore-ktx:25.1.4] AndroidManifest.xml:13:17-129
159                android:value="com.google.firebase.components.ComponentRegistrar" />
159-->[com.google.firebase:firebase-firestore-ktx:25.1.4] AndroidManifest.xml:14:17-82
160            <meta-data
160-->[com.google.firebase:firebase-firestore:25.1.4] AndroidManifest.xml:17:13-19:85
161                android:name="com.google.firebase.components:com.google.firebase.firestore.FirebaseFirestoreKtxRegistrar"
161-->[com.google.firebase:firebase-firestore:25.1.4] AndroidManifest.xml:18:17-122
162                android:value="com.google.firebase.components.ComponentRegistrar" />
162-->[com.google.firebase:firebase-firestore:25.1.4] AndroidManifest.xml:19:17-82
163            <meta-data
163-->[com.google.firebase:firebase-firestore:25.1.4] AndroidManifest.xml:20:13-22:85
164                android:name="com.google.firebase.components:com.google.firebase.firestore.FirestoreRegistrar"
164-->[com.google.firebase:firebase-firestore:25.1.4] AndroidManifest.xml:21:17-111
165                android:value="com.google.firebase.components.ComponentRegistrar" />
165-->[com.google.firebase:firebase-firestore:25.1.4] AndroidManifest.xml:22:17-82
166            <meta-data
166-->[com.google.firebase:firebase-auth:23.2.0] AndroidManifest.xml:69:13-71:85
167                android:name="com.google.firebase.components:com.google.firebase.auth.FirebaseAuthRegistrar"
167-->[com.google.firebase:firebase-auth:23.2.0] AndroidManifest.xml:70:17-109
168                android:value="com.google.firebase.components.ComponentRegistrar" />
168-->[com.google.firebase:firebase-auth:23.2.0] AndroidManifest.xml:71:17-82
169            <meta-data
169-->[com.google.firebase:firebase-database-ktx:21.0.0] AndroidManifest.xml:12:13-14:85
170                android:name="com.google.firebase.components:com.google.firebase.database.ktx.FirebaseDatabaseLegacyRegistrar"
170-->[com.google.firebase:firebase-database-ktx:21.0.0] AndroidManifest.xml:13:17-127
171                android:value="com.google.firebase.components.ComponentRegistrar" />
171-->[com.google.firebase:firebase-database-ktx:21.0.0] AndroidManifest.xml:14:17-82
172            <meta-data
172-->[com.google.firebase:firebase-storage-ktx:21.0.1] AndroidManifest.xml:12:13-14:85
173                android:name="com.google.firebase.components:com.google.firebase.storage.ktx.FirebaseStorageLegacyRegistrar"
173-->[com.google.firebase:firebase-storage-ktx:21.0.1] AndroidManifest.xml:13:17-125
174                android:value="com.google.firebase.components.ComponentRegistrar" />
174-->[com.google.firebase:firebase-storage-ktx:21.0.1] AndroidManifest.xml:14:17-82
175            <meta-data
175-->[com.google.firebase:firebase-database:21.0.0] AndroidManifest.xml:29:13-31:85
176                android:name="com.google.firebase.components:com.google.firebase.database.FirebaseDatabaseKtxRegistrar"
176-->[com.google.firebase:firebase-database:21.0.0] AndroidManifest.xml:30:17-120
177                android:value="com.google.firebase.components.ComponentRegistrar" />
177-->[com.google.firebase:firebase-database:21.0.0] AndroidManifest.xml:31:17-82
178            <meta-data
178-->[com.google.firebase:firebase-database:21.0.0] AndroidManifest.xml:32:13-34:85
179                android:name="com.google.firebase.components:com.google.firebase.database.DatabaseRegistrar"
179-->[com.google.firebase:firebase-database:21.0.0] AndroidManifest.xml:33:17-109
180                android:value="com.google.firebase.components.ComponentRegistrar" />
180-->[com.google.firebase:firebase-database:21.0.0] AndroidManifest.xml:34:17-82
181            <meta-data
181-->[com.google.firebase:firebase-storage:21.0.1] AndroidManifest.xml:30:13-32:85
182                android:name="com.google.firebase.components:com.google.firebase.storage.FirebaseStorageKtxRegistrar"
182-->[com.google.firebase:firebase-storage:21.0.1] AndroidManifest.xml:31:17-118
183                android:value="com.google.firebase.components.ComponentRegistrar" />
183-->[com.google.firebase:firebase-storage:21.0.1] AndroidManifest.xml:32:17-82
184            <meta-data
184-->[com.google.firebase:firebase-storage:21.0.1] AndroidManifest.xml:33:13-35:85
185                android:name="com.google.firebase.components:com.google.firebase.storage.StorageRegistrar"
185-->[com.google.firebase:firebase-storage:21.0.1] AndroidManifest.xml:34:17-107
186                android:value="com.google.firebase.components.ComponentRegistrar" />
186-->[com.google.firebase:firebase-storage:21.0.1] AndroidManifest.xml:35:17-82
187            <meta-data
187-->[com.google.firebase:firebase-appcheck:18.0.0] AndroidManifest.xml:25:13-27:85
188                android:name="com.google.firebase.components:com.google.firebase.appcheck.FirebaseAppCheckKtxRegistrar"
188-->[com.google.firebase:firebase-appcheck:18.0.0] AndroidManifest.xml:26:17-120
189                android:value="com.google.firebase.components.ComponentRegistrar" />
189-->[com.google.firebase:firebase-appcheck:18.0.0] AndroidManifest.xml:27:17-82
190            <meta-data
190-->[com.google.firebase:firebase-appcheck:18.0.0] AndroidManifest.xml:28:13-30:85
191                android:name="com.google.firebase.components:com.google.firebase.appcheck.FirebaseAppCheckRegistrar"
191-->[com.google.firebase:firebase-appcheck:18.0.0] AndroidManifest.xml:29:17-117
192                android:value="com.google.firebase.components.ComponentRegistrar" />
192-->[com.google.firebase:firebase-appcheck:18.0.0] AndroidManifest.xml:30:17-82
193            <meta-data
193-->[com.google.android.gms:play-services-measurement-api:22.4.0] AndroidManifest.xml:33:13-35:85
194                android:name="com.google.firebase.components:com.google.firebase.analytics.connector.internal.AnalyticsConnectorRegistrar"
194-->[com.google.android.gms:play-services-measurement-api:22.4.0] AndroidManifest.xml:34:17-139
195                android:value="com.google.firebase.components.ComponentRegistrar" />
195-->[com.google.android.gms:play-services-measurement-api:22.4.0] AndroidManifest.xml:35:17-82
196            <meta-data
196-->[com.google.firebase:firebase-installations:18.0.0] AndroidManifest.xml:15:13-17:85
197                android:name="com.google.firebase.components:com.google.firebase.installations.FirebaseInstallationsKtxRegistrar"
197-->[com.google.firebase:firebase-installations:18.0.0] AndroidManifest.xml:16:17-130
198                android:value="com.google.firebase.components.ComponentRegistrar" />
198-->[com.google.firebase:firebase-installations:18.0.0] AndroidManifest.xml:17:17-82
199            <meta-data
199-->[com.google.firebase:firebase-installations:18.0.0] AndroidManifest.xml:18:13-20:85
200                android:name="com.google.firebase.components:com.google.firebase.installations.FirebaseInstallationsRegistrar"
200-->[com.google.firebase:firebase-installations:18.0.0] AndroidManifest.xml:19:17-127
201                android:value="com.google.firebase.components.ComponentRegistrar" />
201-->[com.google.firebase:firebase-installations:18.0.0] AndroidManifest.xml:20:17-82
202            <meta-data
202-->[com.google.firebase:firebase-common-ktx:21.0.0] AndroidManifest.xml:12:13-14:85
203                android:name="com.google.firebase.components:com.google.firebase.ktx.FirebaseCommonLegacyRegistrar"
203-->[com.google.firebase:firebase-common-ktx:21.0.0] AndroidManifest.xml:13:17-116
204                android:value="com.google.firebase.components.ComponentRegistrar" />
204-->[com.google.firebase:firebase-common-ktx:21.0.0] AndroidManifest.xml:14:17-82
205            <meta-data
205-->[com.google.firebase:firebase-common:21.0.0] AndroidManifest.xml:35:13-37:85
206                android:name="com.google.firebase.components:com.google.firebase.FirebaseCommonKtxRegistrar"
206-->[com.google.firebase:firebase-common:21.0.0] AndroidManifest.xml:36:17-109
207                android:value="com.google.firebase.components.ComponentRegistrar" />
207-->[com.google.firebase:firebase-common:21.0.0] AndroidManifest.xml:37:17-82
208        </service>
209        <service
209-->[androidx.camera:camera-camera2:1.4.1] AndroidManifest.xml:24:9-33:19
210            android:name="androidx.camera.core.impl.MetadataHolderService"
210-->[androidx.camera:camera-camera2:1.4.1] AndroidManifest.xml:25:13-75
211            android:enabled="false"
211-->[androidx.camera:camera-camera2:1.4.1] AndroidManifest.xml:26:13-36
212            android:exported="false" >
212-->[androidx.camera:camera-camera2:1.4.1] AndroidManifest.xml:27:13-37
213            <meta-data
213-->[androidx.camera:camera-camera2:1.4.1] AndroidManifest.xml:30:13-32:89
214                android:name="androidx.camera.core.impl.MetadataHolderService.DEFAULT_CONFIG_PROVIDER"
214-->[androidx.camera:camera-camera2:1.4.1] AndroidManifest.xml:31:17-103
215                android:value="androidx.camera.camera2.Camera2Config$DefaultProvider" />
215-->[androidx.camera:camera-camera2:1.4.1] AndroidManifest.xml:32:17-86
216        </service>
217
218        <activity
218-->[com.google.firebase:firebase-auth:23.2.0] AndroidManifest.xml:29:9-46:20
219            android:name="com.google.firebase.auth.internal.GenericIdpActivity"
219-->[com.google.firebase:firebase-auth:23.2.0] AndroidManifest.xml:30:13-80
220            android:excludeFromRecents="true"
220-->[com.google.firebase:firebase-auth:23.2.0] AndroidManifest.xml:31:13-46
221            android:exported="true"
221-->[com.google.firebase:firebase-auth:23.2.0] AndroidManifest.xml:32:13-36
222            android:launchMode="singleTask"
222-->[com.google.firebase:firebase-auth:23.2.0] AndroidManifest.xml:33:13-44
223            android:theme="@android:style/Theme.Translucent.NoTitleBar" >
223-->[com.google.firebase:firebase-auth:23.2.0] AndroidManifest.xml:34:13-72
224            <intent-filter>
224-->[com.google.firebase:firebase-auth:23.2.0] AndroidManifest.xml:35:13-45:29
225                <action android:name="android.intent.action.VIEW" />
225-->[com.google.firebase:firebase-auth:23.2.0] AndroidManifest.xml:36:17-69
225-->[com.google.firebase:firebase-auth:23.2.0] AndroidManifest.xml:36:25-66
226
227                <category android:name="android.intent.category.DEFAULT" />
227-->[com.google.firebase:firebase-auth:23.2.0] AndroidManifest.xml:38:17-76
227-->[com.google.firebase:firebase-auth:23.2.0] AndroidManifest.xml:38:27-73
228                <category android:name="android.intent.category.BROWSABLE" />
228-->[com.google.firebase:firebase-auth:23.2.0] AndroidManifest.xml:39:17-78
228-->[com.google.firebase:firebase-auth:23.2.0] AndroidManifest.xml:39:27-75
229
230                <data
230-->src\main\AndroidManifest.xml:48:13-50
231                    android:host="firebase.auth"
232                    android:path="/"
233                    android:scheme="genericidp" />
234            </intent-filter>
235        </activity>
236        <activity
236-->[com.google.firebase:firebase-auth:23.2.0] AndroidManifest.xml:47:9-64:20
237            android:name="com.google.firebase.auth.internal.RecaptchaActivity"
237-->[com.google.firebase:firebase-auth:23.2.0] AndroidManifest.xml:48:13-79
238            android:excludeFromRecents="true"
238-->[com.google.firebase:firebase-auth:23.2.0] AndroidManifest.xml:49:13-46
239            android:exported="true"
239-->[com.google.firebase:firebase-auth:23.2.0] AndroidManifest.xml:50:13-36
240            android:launchMode="singleTask"
240-->[com.google.firebase:firebase-auth:23.2.0] AndroidManifest.xml:51:13-44
241            android:theme="@android:style/Theme.Translucent.NoTitleBar" >
241-->[com.google.firebase:firebase-auth:23.2.0] AndroidManifest.xml:52:13-72
242            <intent-filter>
242-->[com.google.firebase:firebase-auth:23.2.0] AndroidManifest.xml:53:13-63:29
243                <action android:name="android.intent.action.VIEW" />
243-->[com.google.firebase:firebase-auth:23.2.0] AndroidManifest.xml:36:17-69
243-->[com.google.firebase:firebase-auth:23.2.0] AndroidManifest.xml:36:25-66
244
245                <category android:name="android.intent.category.DEFAULT" />
245-->[com.google.firebase:firebase-auth:23.2.0] AndroidManifest.xml:38:17-76
245-->[com.google.firebase:firebase-auth:23.2.0] AndroidManifest.xml:38:27-73
246                <category android:name="android.intent.category.BROWSABLE" />
246-->[com.google.firebase:firebase-auth:23.2.0] AndroidManifest.xml:39:17-78
246-->[com.google.firebase:firebase-auth:23.2.0] AndroidManifest.xml:39:27-75
247
248                <data
248-->src\main\AndroidManifest.xml:48:13-50
249                    android:host="firebase.auth"
250                    android:path="/"
251                    android:scheme="recaptcha" />
252            </intent-filter>
253        </activity>
254
255        <provider
255-->[com.google.firebase:firebase-common:21.0.0] AndroidManifest.xml:23:9-28:39
256            android:name="com.google.firebase.provider.FirebaseInitProvider"
256-->[com.google.firebase:firebase-common:21.0.0] AndroidManifest.xml:24:13-77
257            android:authorities="com.example.farm_data.firebaseinitprovider"
257-->[com.google.firebase:firebase-common:21.0.0] AndroidManifest.xml:25:13-72
258            android:directBootAware="true"
258-->[com.google.firebase:firebase-common:21.0.0] AndroidManifest.xml:26:13-43
259            android:exported="false"
259-->[com.google.firebase:firebase-common:21.0.0] AndroidManifest.xml:27:13-37
260            android:initOrder="100" />
260-->[com.google.firebase:firebase-common:21.0.0] AndroidManifest.xml:28:13-36
261
262        <activity
262-->[:flutter_inappwebview_android] AndroidManifest.xml:14:9-18:47
263            android:name="com.pichillilorenzo.flutter_inappwebview_android.in_app_browser.InAppBrowserActivity"
263-->[:flutter_inappwebview_android] AndroidManifest.xml:15:13-112